<?xml version="1.0" encoding="UTF-8"?>
<!-- Generated by org.testng.reporters.JUnitReportReporter -->
<testsuite hostname="DESKTOP-SOCV2JM" failures="0" tests="1" name="com.auto.AutomationBasics.AutomationBasic" time="10.599" errors="0" timestamp="2023-08-02T15:46:35 BDT" skipped="0">
  <testcase classname="com.auto.AutomationBasics.AutomationBasic" name="firstTest" time="10.599"/>
</testsuite> <!-- com.auto.AutomationBasics.AutomationBasic -->
